====================================================================================================
HO13 follow-up — non-max joint QUALITY stratification (v44 vs oracle)
====================================================================================================
Started: 2026-05-11 08:32:46

loading parquets ...
  v44 deepdive rows: 1,226,940
  nonmax_joint rows: 1,226,940
  merged rows: 1,226,940

hands with non-max joint achievable: 585,156  (47.7% of high_only)

====================================================================================================
STRATIFICATION 1: oracle vs v44 non-max-route pick rate by best_top_rank
====================================================================================================

── max_rank = A  (n_nonmax_avail = 315,084) ──
   best_top         n  oracle_nm%   v44_nm%   mean_reg  wg_contrib
          K    48,510       22.8%      5.9% $ +2075.4 $   +16.75
          Q    42,210       10.3%      1.2% $ +1993.2 $   +14.00
          J    36,750        3.7%      0.3% $ +1795.3 $   +10.98
          T    32,046        1.6%      0.1% $ +1666.7 $    +8.89
          9    28,021        1.0%      0.0% $ +1475.6 $    +6.88
          8    24,605        0.9%      0.1% $ +1355.3 $    +5.55
          7    21,735        0.7%      0.1% $ +1241.6 $    +4.49
          6    19,355        0.6%      0.1% $ +1128.7 $    +3.64
          5    17,416        0.8%      0.3% $ +1188.6 $    +3.44
          4    15,876        1.1%      0.8% $ +1121.2 $    +2.96
          3    14,700        2.4%      1.9% $ +1174.6 $    +2.87
          2    13,860        5.1%      3.9% $ +1111.5 $    +2.56

── max_rank = K  (n_nonmax_avail = 157,542) ──
   best_top         n  oracle_nm%   v44_nm%   mean_reg  wg_contrib
          Q    26,460       52.7%     29.5% $ +2624.3 $   +11.56
          J    22,680       34.0%     10.6% $ +2439.3 $    +9.21
          T    19,460       21.5%      4.1% $ +2171.2 $    +7.03
          9    16,737       17.5%      3.2% $ +1987.9 $    +5.54
          8    14,454       15.2%      3.5% $ +1813.0 $    +4.36
          7    12,560       14.5%      5.2% $ +1655.0 $    +3.46
          6    11,010       14.9%      8.0% $ +1470.9 $    +2.69
          5     9,765       15.2%      9.9% $ +1407.7 $    +2.29
          4     8,792       23.1%     17.1% $ +1430.7 $    +2.09
          3     8,064       35.2%     32.1% $ +1427.6 $    +1.92
          2     7,560       50.9%     48.6% $ +1603.8 $    +2.02

── max_rank = Q  (n_nonmax_avail = 71,610) ──
   best_top         n  oracle_nm%   v44_nm%   mean_reg  wg_contrib
          J    13,230       55.2%     29.4% $ +2698.9 $    +5.94
          T    11,130       40.2%     15.4% $ +2602.9 $    +4.82
          9     9,380       34.2%     11.6% $ +2443.8 $    +3.81
          8     7,935       30.4%     12.8% $ +2204.1 $    +2.91
          7     6,755       29.0%     15.8% $ +1930.9 $    +2.17
          6     5,805       30.3%     22.6% $ +1688.6 $    +1.63
          5     5,055       32.3%     27.3% $ +1491.9 $    +1.25
          4     4,480       44.4%     38.3% $ +1529.6 $    +1.14
          3     4,060       59.3%     62.0% $ +1486.5 $    +1.00
          2     3,780       78.2%     85.4% $ +1484.9 $    +0.93

── max_rank = J  (n_nonmax_avail = 28,644) ──
   best_top         n  oracle_nm%   v44_nm%   mean_reg  wg_contrib
          T     5,880       57.6%     35.7% $ +2791.1 $    +2.73
          9     4,830       52.5%     32.2% $ +2771.6 $    +2.23
          8     3,980       46.9%     29.4% $ +2611.5 $    +1.73
          7     3,300       46.3%     34.9% $ +2239.9 $    +1.23
          6     2,764       43.9%     37.7% $ +1928.0 $    +0.89
          5     2,350       44.3%     41.4% $ +1504.4 $    +0.59
          4     2,040       61.3%     56.9% $ +1546.1 $    +0.52
          3     1,820       76.8%     83.6% $ +1266.2 $    +0.38
          2     1,680       88.9%     93.8% $ +1251.2 $    +0.35

── max_rank = T  (n_nonmax_avail = 9,548) ──
   best_top         n  oracle_nm%   v44_nm%   mean_reg  wg_contrib
          9     2,205       58.3%     38.7% $ +2586.8 $    +0.95
          8     1,755       57.5%     36.4% $ +2814.8 $    +0.82
          7     1,405       54.5%     39.4% $ +2380.7 $    +0.56
          6     1,137       53.3%     40.6% $ +1966.8 $    +0.37
          5       936       48.7%     40.4% $ +1653.0 $    +0.26
          4       790       63.3%     59.1% $ +1314.9 $    +0.17
          3       690       80.1%     86.4% $ +1155.3 $    +0.13
          2       630       89.4%     94.6% $ +1111.6 $    +0.12

── max_rank = 9  (n_nonmax_avail = 2,387) ──
   best_top         n  oracle_nm%   v44_nm%   mean_reg  wg_contrib
          8       630       59.8%     38.9% $ +2469.5 $    +0.26
          7       480       58.3%     30.6% $ +2865.9 $    +0.23
          6       370       58.4%     37.0% $ +2273.1 $    +0.14
          5       291       49.5%     38.1% $ +1881.4 $    +0.09
          4       236       66.5%     66.5% $ +1309.5 $    +0.05
          3       200       77.0%     88.0% $  +735.0 $    +0.02
          2       180       91.7%     91.7% $ +1131.1 $    +0.03

── max_rank = 8  (n_nonmax_avail = 341) ──
   best_top         n  oracle_nm%   v44_nm%   mean_reg  wg_contrib
          7       105       63.8%     29.5% $ +3161.4 $    +0.06
          6        75       60.0%     34.7% $ +3276.0 $    +0.04
          5        55       54.5%     47.3% $ +1991.8 $    +0.02
          4        42       71.4%     54.8% $ +1763.1 $    +0.01
          3        34       79.4%     85.3% $  +667.6 $    +0.00
          2        30      100.0%     93.3% $  +951.7 $    +0.00

====================================================================================================
STRATIFICATION 2: oracle non-max-route pick rate by (best_top, best_mid)
====================================================================================================

── max_rank = K  DS_NO_JOINT subgroup  (n = 122,892) ──
   best_top     mid_b         n  oracle_nm%   v44_nm%   mean_reg  wg_contrib
          2  high(J+)     7,140       50.5%     47.1% $ +1635.1 $    +1.94
          2  mid(8-T)       390       58.2%     75.6% $ +1131.3 $    +0.07
          3  high(J+)     7,140       35.4%     32.4% $ +1534.1 $    +1.82
          3  mid(8-T)       390       39.2%     36.4% $  +950.9 $    +0.06
          4  high(J+)     7,364       23.7%     18.2% $ +1560.3 $    +1.91
          4  mid(8-T)       390       25.4%     17.9% $  +724.9 $    +0.05
          5  high(J+)     7,812       16.7%     11.3% $ +1552.0 $    +2.02
          5  mid(8-T)       390        9.7%      7.9% $  +682.6 $    +0.04
          6  high(J+)     8,484       16.9%      9.2% $ +1647.0 $    +2.33
          6  mid(8-T)       390       13.3%     11.0% $  +771.4 $    +0.05
          7  high(J+)     9,380       16.9%      5.3% $ +1872.7 $    +2.92
          7  mid(8-T)       390       13.8%     16.2% $  +993.5 $    +0.06
          8  high(J+)    10,500       18.6%      3.3% $ +2040.1 $    +3.56
          8  mid(8-T)       420       21.7%     20.7% $ +1305.4 $    +0.09
          9  high(J+)    11,844       21.6%      2.2% $ +2256.3 $    +4.45
          9  mid(8-T)       540       32.6%     33.3% $ +1385.7 $    +0.12
          T  high(J+)    13,412       27.3%      2.8% $ +2516.9 $    +5.62
          T  mid(8-T)       750       39.3%     39.9% $ +1580.8 $    +0.20
          J  high(J+)    15,624       44.1%     11.8% $ +2897.0 $    +7.53
          J  mid(8-T)       666       51.1%     51.8% $ +1824.8 $    +0.20
          Q  high(J+)    18,144       66.6%     36.1% $ +3233.1 $    +9.76
          Q  mid(8-T)       666       70.6%     77.0% $ +1682.7 $    +0.19

── max_rank = Q  DS_NO_JOINT subgroup  (n = 55,860) ──
   best_top     mid_b         n  oracle_nm%   v44_nm%   mean_reg  wg_contrib
          2  high(J+)     3,430       78.4%     85.2% $ +1521.0 $    +0.87
          2  mid(8-T)       325       78.2%     89.8% $ +1172.0 $    +0.06
          3  high(J+)     3,430       60.3%     63.4% $ +1607.6 $    +0.92
          3  mid(8-T)       325       57.2%     59.1% $ +1227.4 $    +0.07
          4  high(J+)     3,570       46.8%     42.3% $ +1677.4 $    +1.00
          4  mid(8-T)       325       32.0%     24.3% $ +1033.5 $    +0.06
          5  high(J+)     3,850       35.2%     31.9% $ +1659.4 $    +1.06
          5  mid(8-T)       325       23.4%     18.2% $  +934.6 $    +0.05
          6  high(J+)     4,270       34.4%     26.8% $ +1894.9 $    +1.35
          6  mid(8-T)       325       20.3%     18.8% $ +1193.1 $    +0.06
          7  high(J+)     4,830       34.5%     18.6% $ +2243.7 $    +1.80
          7  mid(8-T)       325       17.2%     17.5% $ +1144.5 $    +0.06
          8  high(J+)     5,530       36.3%     13.2% $ +2591.9 $    +2.39
          8  mid(8-T)       350       33.7%     32.6% $ +1277.4 $    +0.07
          9  high(J+)     6,370       41.6%     10.5% $ +2952.4 $    +3.13
          9  mid(8-T)       450       43.6%     44.9% $ +1506.0 $    +0.11
          T  high(J+)     7,350       49.6%     13.4% $ +3200.7 $    +3.91
          T  mid(8-T)       625       54.9%     62.1% $ +1946.0 $    +0.20
          J  high(J+)     8,820       68.8%     34.0% $ +3393.6 $    +4.98
          J  mid(8-T)       555       64.9%     68.3% $ +2105.7 $    +0.19

── max_rank = J  DS_NO_JOINT subgroup  (n = 22,344) ──
   best_top     mid_b         n  oracle_nm%   v44_nm%   mean_reg  wg_contrib
          2  high(J+)     1,400       90.1%     95.1% $ +1202.9 $    +0.28
          2  mid(8-T)       260       83.8%     87.7% $ +1590.2 $    +0.07
          3  high(J+)     1,400       79.4%     86.7% $ +1299.9 $    +0.30
          3  mid(8-T)       260       63.5%     70.4% $ +1595.6 $    +0.07
          4  high(J+)     1,480       66.6%     64.7% $ +1625.6 $    +0.40
          4  mid(8-T)       260       42.3%     38.1% $ +1480.0 $    +0.06
          5  high(J+)     1,640       49.0%     49.7% $ +1638.0 $    +0.45
          5  mid(8-T)       260       24.6%     22.7% $ +1030.2 $    +0.04
          6  high(J+)     1,880       51.1%     46.9% $ +2194.9 $    +0.69
          6  mid(8-T)       260       25.0%     28.8% $ +1451.7 $    +0.06
          7  high(J+)     2,200       53.2%     40.5% $ +2629.1 $    +0.96
          7  mid(8-T)       260       26.2%     25.0% $ +1621.2 $    +0.07
          8  high(J+)     2,600       55.2%     32.7% $ +3194.5 $    +1.38
          8  mid(8-T)       280       28.9%     23.6% $ +1713.2 $    +0.08
          9  high(J+)     3,080       61.7%     33.5% $ +3462.1 $    +1.77
          9  mid(8-T)       360       46.4%     47.8% $ +2100.8 $    +0.13
          T  high(J+)     3,640       66.4%     35.0% $ +3665.4 $    +2.22
          T  mid(8-T)       500       65.6%     62.4% $ +2254.3 $    +0.19

── max_rank = A  DS_NO_JOINT subgroup  (n = 245,784) ──
   best_top     mid_b         n  oracle_nm%   v44_nm%   mean_reg  wg_contrib
          2  high(J+)    13,370        5.1%      4.0% $ +1125.8 $    +2.50
          2  mid(8-T)       455        4.8%      3.1% $  +750.8 $    +0.06
          3  high(J+)    13,370        2.5%      1.9% $ +1260.7 $    +2.80
          3  mid(8-T)       455        2.6%      1.5% $  +449.3 $    +0.03
          4  high(J+)    13,706        1.2%      0.8% $ +1214.3 $    +2.77
          4  mid(8-T)       455        0.9%      0.4% $  +286.7 $    +0.02
          5  high(J+)    14,378        0.9%      0.3% $ +1292.0 $    +3.09
          5  mid(8-T)       455        0.4%      0.2% $  +358.0 $    +0.03
          6  high(J+)    15,386        0.7%      0.1% $ +1216.6 $    +3.12
          6  mid(8-T)       455        1.1%      0.7% $  +453.7 $    +0.03
          7  high(J+)    16,730        0.9%      0.1% $ +1335.5 $    +3.72
          7  mid(8-T)       455        0.7%      0.7% $  +502.7 $    +0.04
          8  high(J+)    18,410        1.2%      0.1% $ +1465.7 $    +4.49
          8  low(2-7)       105        0.0%      0.0% $  +262.9 $    +0.00
          8  mid(8-T)       490        1.8%      1.2% $  +706.2 $    +0.06
          9  high(J+)    20,426        1.3%      0.0% $ +1574.8 $    +5.35
          9  low(2-7)       105        1.9%      1.0% $  +285.2 $    +0.00
          9  mid(8-T)       630        3.7%      0.8% $  +870.6 $    +0.09
          T  high(J+)    22,778        2.1%      0.1% $ +1798.6 $    +6.82
          T  low(2-7)       105        1.0%      0.0% $  +211.4 $    +0.00
          T  mid(8-T)       875        4.6%      1.3% $  +911.4 $    +0.13
          J  high(J+)    25,956        4.9%      0.3% $ +1981.0 $    +8.56
          J  low(2-7)       105        2.9%      1.9% $  +149.5 $    +0.00
          J  mid(8-T)       777       12.1%      3.7% $ +1247.8 $    +0.16
          Q  high(J+)    29,568       13.8%      1.3% $ +2274.5 $   +11.19
          Q  low(2-7)       105       11.4%      5.7% $  +314.8 $    +0.01
          Q  mid(8-T)       777       28.4%     13.5% $ +1590.0 $    +0.21
          K  high(J+)    33,768       30.6%      7.2% $ +2477.0 $   +13.92
          K  low(2-7)       105       20.0%     19.0% $  +563.3 $    +0.01
          K  mid(8-T)       777       44.1%     40.3% $ +1508.2 $    +0.20

====================================================================================================
DIAGNOSTIC 3: max-rank-in-bot-pair signature within non-max joint route
====================================================================================================
  max=K: max-in-bot-pair n=157,542  oracle_nm=28.3%  v44_nm=14.2%  mean=$+1989.5  wg=$+52.16
    (vs other     n=0  oracle_nm=nan%  v44_nm=nan%)
  max=Q: max-in-bot-pair n=71,610  oracle_nm=42.0%  v44_nm=26.4%  mean=$+2150.2  wg=$+25.62
    (vs other     n=0  oracle_nm=nan%  v44_nm=nan%)
  max=J: max-in-bot-pair n=28,644  oracle_nm=54.8%  v44_nm=42.8%  mean=$+2234.6  wg=$+10.65
    (vs other     n=0  oracle_nm=nan%  v44_nm=nan%)
  max=A: max-in-bot-pair n=315,084  oracle_nm=6.2%  v44_nm=1.5%  mean=$+1583.4  wg=$+83.02
    (vs other     n=0  oracle_nm=nan%  v44_nm=nan%)

====================================================================================================
DIAGNOSTIC 4: 4f+ms top=max route capture (S58 ho_v4 #2 axis)
====================================================================================================
  hands with topMax_4f_ms achievable: 80,652  (6.6% of high_only)
  max=A: n=43,428  oracle_4f_topmax=10.4%  v44_4f_topmax=9.0%  mean_reg=$+586.7
  max=K: n=21,714  oracle_4f_topmax=9.4%  v44_4f_topmax=8.8%  mean_reg=$+617.4
  max=Q: n=9,870  oracle_4f_topmax=8.6%  v44_4f_topmax=8.6%  mean_reg=$+602.3
  max=J: n=3,948  oracle_4f_topmax=5.5%  v44_4f_topmax=5.6%  mean_reg=$+663.1
  max=T: n=1,316  oracle_4f_topmax=3.2%  v44_4f_topmax=2.9%  mean_reg=$+547.0
  max=9: n=329  oracle_4f_topmax=1.8%  v44_4f_topmax=1.8%  mean_reg=$+321.0
  max=8: n=47  oracle_4f_topmax=0.0%  v44_4f_topmax=0.0%  mean_reg=$+317.0

Finished: 2026-05-11 08:32:47
