  scanned     200000/500000  rate=  6790 hands/s  ETA= 44.2s
  scanned     400000/500000  rate=  7112 hands/s  ETA= 14.1s

Strategy: v44_dt (baseline)
  hands evaluated:   500,000
  pct optimal:       67.13%  (335,662 hands matched the grid argmax)
  mean regret:       +0.0686  ≈ $686/1000h vs ceiling
  median regret:     0.0000
  p90 regret:        0.2640
  p99 regret:        0.6240
  max regret:        1.5330
  wall time:         70.0s

  By hand category ($/1000h is mean regret × $10 × 1000):
  category         n_hands pct_optimal   mean_regret     $/1000h   share %
  pair             215,162       69.2%        0.0595        595     37.3%
  two_pair         204,275       66.8%        0.0663        663     39.5%
  trips             25,245       56.8%        0.1086      1,086      8.0%
  trips_pair        25,943       63.3%        0.0727        727      5.5%
  three_pair        25,614       67.8%        0.1143      1,143      8.5%
  quads              1,100       66.4%        0.0783        783      0.3%
  composite          2,661       56.3%        0.1226      1,226      1.0%
  scanned     200000/500000  rate=  6208 hands/s  ETA= 48.3s
  scanned     400000/500000  rate=  6612 hands/s  ETA= 15.1s

Strategy: v45_dt (+ high_only_aug_v5)
  hands evaluated:   500,000
  pct optimal:       67.13%  (335,662 hands matched the grid argmax)
  mean regret:       +0.0686  ≈ $686/1000h vs ceiling
  median regret:     0.0000
  p90 regret:        0.2640
  p99 regret:        0.6240
  max regret:        1.5330
  wall time:         74.8s

  By hand category ($/1000h is mean regret × $10 × 1000):
  category         n_hands pct_optimal   mean_regret     $/1000h   share %
  pair             215,162       69.2%        0.0595        595     37.3%
  two_pair         204,275       66.8%        0.0663        663     39.5%
  trips             25,245       56.8%        0.1086      1,086      8.0%
  trips_pair        25,943       63.3%        0.0727        727      5.5%
  three_pair        25,614       67.8%        0.1143      1,143      8.5%
  quads              1,100       66.4%        0.0783        783      0.3%
  composite          2,661       56.3%        0.1226      1,226      1.0%

======================================================================
v45_dt vs v44_dt (prefix grid)
======================================================================
strategy                                   pct_opt   mean_regret     $/1000h     p90    wall
v44_dt (baseline)                           67.13%        0.0686        686   0.264     70s
v45_dt (+ high_only_aug_v5)                 67.13%        0.0686        686   0.264     75s

v45_dt vs v44_dt: +0.0000  ≈ $+0/1000h
