loading grid oracle_grid_prefix500k_n1000.bin ...

Grading v53 (current production) ...
  scanned     200000/500000  rate=  6938 hands/s  ETA= 43.2s
  scanned     400000/500000  rate=  6748 hands/s  ETA= 14.8s

Strategy: v53 (current production)
  hands evaluated:   500,000
  pct optimal:       53.06%  (265,308 hands matched the grid argmax)
  mean regret:       +0.1522  ≈ $1,522/1000h vs ceiling
  median regret:     0.0000
  p90 regret:        0.5020
  p99 regret:        1.0170
  max regret:        3.8170
  wall time:         74.8s

  By hand category ($/1000h is mean regret × $10 × 1000):
  category         n_hands pct_optimal   mean_regret     $/1000h   share %
  pair             215,162       60.6%        0.1019      1,019     28.8%
  two_pair         204,275       45.6%        0.1925      1,925     51.7%
  trips             25,245       40.3%        0.1744      1,744      5.8%
  trips_pair        25,943       43.3%        0.2578      2,578      8.8%
  three_pair        25,614       73.8%        0.0772        772      2.6%
  quads              1,100       46.0%        0.4072      4,072      0.6%
  composite          2,661       36.4%        0.4941      4,941      1.7%

Grading v54 (cell-routed hybrid v44-on-PBOT + v53-elsewhere) ...
  scanned     200000/500000  rate=  5918 hands/s  ETA= 50.7s
  scanned     400000/500000  rate=  6190 hands/s  ETA= 16.2s

Strategy: v54 (pair hybrid)
  hands evaluated:   500,000
  pct optimal:       56.64%  (283,204 hands matched the grid argmax)
  mean regret:       +0.1343  ≈ $1,343/1000h vs ceiling
  median regret:     0.0000
  p90 regret:        0.4620
  p99 regret:        1.0040
  max regret:        3.8170
  wall time:         80.1s

  By hand category ($/1000h is mean regret × $10 × 1000):
  category         n_hands pct_optimal   mean_regret     $/1000h   share %
  pair             215,162       68.9%        0.0603        603     19.3%
  two_pair         204,275       45.6%        0.1925      1,925     58.6%
  trips             25,245       40.3%        0.1744      1,744      6.6%
  trips_pair        25,943       43.3%        0.2578      2,578     10.0%
  three_pair        25,614       73.8%        0.0772        772      2.9%
  quads              1,100       46.0%        0.4072      4,072      0.7%
  composite          2,661       36.4%        0.4941      4,941      2.0%

======================================================================
v54 vs v53 (prefix grid)
======================================================================
strategy                                   pct_opt   mean_regret     $/1000h     p90    wall
v53 (current production)                    53.06%        0.1522      1,522   0.502     75s
v54 (pair hybrid)                           56.64%        0.1343      1,343   0.462     80s

v54 vs v53: +0.0179  ≈ $+179/1000h
