loading grid oracle_grid_full_realistic_n200.bin ...

Grading v53 (current production) ...
  scanned    2000000/6009159  rate=  7299 hands/s  ETA=549.3s
  scanned    4000000/6009159  rate=  7050 hands/s  ETA=285.0s
  scanned    6000000/6009159  rate=  6807 hands/s  ETA=  1.3s

Strategy: v53 (current production)
  hands evaluated:   6,009,159
  pct optimal:       43.43%  (2,609,769 hands matched the grid argmax)
  mean regret:       +0.2490  ≈ $2,490/1000h vs ceiling
  median regret:     0.0700
  p90 regret:        0.7150
  p99 regret:        1.6400
  max regret:        5.7400
  wall time:         882.8s

  By hand category ($/1000h is mean regret × $10 × 1000):
  category         n_hands pct_optimal   mean_regret     $/1000h   share %
  high_only      1,226,940       24.7%        0.3014      3,014     24.7%
  pair           2,800,512       51.8%        0.1811      1,811     33.9%
  two_pair       1,338,480       44.1%        0.3211      3,211     28.7%
  trips            328,185       39.0%        0.2010      2,010      4.4%
  trips_pair       171,600       34.9%        0.5417      5,417      6.2%
  three_pair       114,400       59.3%        0.1696      1,696      1.3%
  quads             14,300       45.9%        0.3235      3,235      0.3%
  composite         14,742       33.6%        0.4445      4,445      0.4%

Grading v54 (cell-routed hybrid v44-on-PBOT + v53-elsewhere) ...
  scanned    2000000/6009159  rate=  7234 hands/s  ETA=554.2s
  scanned    4000000/6009159  rate=  7122 hands/s  ETA=282.1s
  scanned    6000000/6009159  rate=  6958 hands/s  ETA=  1.3s

Strategy: v54 (pair hybrid)
  hands evaluated:   6,009,159
  pct optimal:       49.74%  (2,988,688 hands matched the grid argmax)
  mean regret:       +0.2108  ≈ $2,108/1000h vs ceiling
  median regret:     0.0050
  p90 regret:        0.6400
  p99 regret:        1.6250
  max regret:        5.7400
  wall time:         863.7s

  By hand category ($/1000h is mean regret × $10 × 1000):
  category         n_hands pct_optimal   mean_regret     $/1000h   share %
  high_only      1,226,940       24.7%        0.3014      3,014     29.2%
  pair           2,800,512       65.3%        0.0991        991     21.9%
  two_pair       1,338,480       44.1%        0.3211      3,211     33.9%
  trips            328,185       39.0%        0.2010      2,010      5.2%
  trips_pair       171,600       34.9%        0.5417      5,417      7.3%
  three_pair       114,400       59.3%        0.1696      1,696      1.5%
  quads             14,300       45.9%        0.3235      3,235      0.4%
  composite         14,742       33.6%        0.4445      4,445      0.5%

======================================================================
v54 vs v53 (full grid)
======================================================================
strategy                                   pct_opt   mean_regret     $/1000h     p90    wall
v53 (current production)                    43.43%        0.2490      2,490   0.715    883s
v54 (pair hybrid)                           49.74%        0.2108      2,108   0.640    864s

v54 vs v53: +0.0382  ≈ $+382/1000h
