loading grid oracle_grid_full_realistic_n200.bin ...

Grading v52 (current production) ...
  scanned    2000000/6009159  rate=  7734 hands/s  ETA=518.4s
  scanned    4000000/6009159  rate=  7452 hands/s  ETA=269.6s
  scanned    6000000/6009159  rate=  7219 hands/s  ETA=  1.3s

Strategy: v52 (current production)
  hands evaluated:   6,009,159
  pct optimal:       43.34%  (2,604,663 hands matched the grid argmax)
  mean regret:       +0.2498  ≈ $2,498/1000h vs ceiling
  median regret:     0.0750
  p90 regret:        0.7200
  p99 regret:        1.6450
  max regret:        5.7400
  wall time:         832.4s

  By hand category ($/1000h is mean regret × $10 × 1000):
  category         n_hands pct_optimal   mean_regret     $/1000h   share %
  high_only      1,226,940       24.7%        0.3014      3,014     24.6%
  pair           2,800,512       51.6%        0.1829      1,829     34.1%
  two_pair       1,338,480       44.1%        0.3211      3,211     28.6%
  trips            328,185       39.0%        0.2010      2,010      4.4%
  trips_pair       171,600       34.9%        0.5417      5,417      6.2%
  three_pair       114,400       59.3%        0.1696      1,696      1.3%
  quads             14,300       45.9%        0.3235      3,235      0.3%
  composite         14,742       33.6%        0.4445      4,445      0.4%

Grading v53 (v52 + Rule 19 Q-pair JOINT PBOT-DS) ...
  scanned    2000000/6009159  rate=  7400 hands/s  ETA=541.8s
  scanned    4000000/6009159  rate=  6993 hands/s  ETA=287.3s
  scanned    6000000/6009159  rate=  6683 hands/s  ETA=  1.4s

Strategy: v53 (v52 + Rule 19)
  hands evaluated:   6,009,159
  pct optimal:       43.43%  (2,609,769 hands matched the grid argmax)
  mean regret:       +0.2490  ≈ $2,490/1000h vs ceiling
  median regret:     0.0700
  p90 regret:        0.7150
  p99 regret:        1.6400
  max regret:        5.7400
  wall time:         899.1s

  By hand category ($/1000h is mean regret × $10 × 1000):
  category         n_hands pct_optimal   mean_regret     $/1000h   share %
  high_only      1,226,940       24.7%        0.3014      3,014     24.7%
  pair           2,800,512       51.8%        0.1811      1,811     33.9%
  two_pair       1,338,480       44.1%        0.3211      3,211     28.7%
  trips            328,185       39.0%        0.2010      2,010      4.4%
  trips_pair       171,600       34.9%        0.5417      5,417      6.2%
  three_pair       114,400       59.3%        0.1696      1,696      1.3%
  quads             14,300       45.9%        0.3235      3,235      0.3%
  composite         14,742       33.6%        0.4445      4,445      0.4%

======================================================================
v53 vs v52 (full grid)
======================================================================
strategy                                   pct_opt   mean_regret     $/1000h     p90    wall
v52 (current production)                    43.34%        0.2498      2,498   0.720    832s
v53 (v52 + Rule 19)                         43.43%        0.2490      2,490   0.715    899s

v53 vs v52: +0.0009  ≈ $+9/1000h
