loading grid oracle_grid_prefix500k_n1000.bin ...

Grading v52 (current production) ...
  scanned     200000/500000  rate=  7455 hands/s  ETA= 40.2s
  scanned     400000/500000  rate=  7253 hands/s  ETA= 13.8s

Strategy: v52 (current production)
  hands evaluated:   500,000
  pct optimal:       53.06%  (265,308 hands matched the grid argmax)
  mean regret:       +0.1522  ≈ $1,522/1000h vs ceiling
  median regret:     0.0000
  p90 regret:        0.5020
  p99 regret:        1.0170
  max regret:        3.8170
  wall time:         69.5s

  By hand category ($/1000h is mean regret × $10 × 1000):
  category         n_hands pct_optimal   mean_regret     $/1000h   share %
  pair             215,162       60.6%        0.1019      1,019     28.8%
  two_pair         204,275       45.6%        0.1925      1,925     51.7%
  trips             25,245       40.3%        0.1744      1,744      5.8%
  trips_pair        25,943       43.3%        0.2578      2,578      8.8%
  three_pair        25,614       73.8%        0.0772        772      2.6%
  quads              1,100       46.0%        0.4072      4,072      0.6%
  composite          2,661       36.4%        0.4941      4,941      1.7%

Grading v53 (v52 + Rule 19 Q-pair JOINT PBOT-DS) ...
  scanned     200000/500000  rate=  7103 hands/s  ETA= 42.2s
  scanned     400000/500000  rate=  6912 hands/s  ETA= 14.5s

Strategy: v53 (v52 + Rule 19)
  hands evaluated:   500,000
  pct optimal:       53.06%  (265,308 hands matched the grid argmax)
  mean regret:       +0.1522  ≈ $1,522/1000h vs ceiling
  median regret:     0.0000
  p90 regret:        0.5020
  p99 regret:        1.0170
  max regret:        3.8170
  wall time:         73.0s

  By hand category ($/1000h is mean regret × $10 × 1000):
  category         n_hands pct_optimal   mean_regret     $/1000h   share %
  pair             215,162       60.6%        0.1019      1,019     28.8%
  two_pair         204,275       45.6%        0.1925      1,925     51.7%
  trips             25,245       40.3%        0.1744      1,744      5.8%
  trips_pair        25,943       43.3%        0.2578      2,578      8.8%
  three_pair        25,614       73.8%        0.0772        772      2.6%
  quads              1,100       46.0%        0.4072      4,072      0.6%
  composite          2,661       36.4%        0.4941      4,941      1.7%

======================================================================
v53 vs v52 (prefix grid)
======================================================================
strategy                                   pct_opt   mean_regret     $/1000h     p90    wall
v52 (current production)                    53.06%        0.1522      1,522   0.502     70s
v53 (v52 + Rule 19)                         53.06%        0.1522      1,522   0.502     73s

v53 vs v52: +0.0000  ≈ $+0/1000h
